<?xml version="1.0" encoding="UTF-8"?>
<!-- Generated by org.testng.reporters.JUnitXMLReporter -->
<testsuite ignored="0" hostname="DESKTOP-R9M8R8C" failures="0" tests="9" name="Test" time="84.182" errors="0" timestamp="2025-07-14T15:44:56 IST">
  <testcase classname="com.oc.qa.TestCases.RegistrationTest" name="Acc_RegistrationTest" time="1.837"/>
  <testcase classname="com.oc.qa.TestCases.LoginTest" name="Acc_LoginTest" time="1.22"/>
  <testcase classname="com.oc.qa.TestCases.LoginTestDDT" name="verify_loginDDT" time="4.532"/>
  <testcase classname="com.oc.qa.TestCases.LoginTestDDT" name="verify_loginDDT" time="14.125"/>
  <testcase classname="com.oc.qa.TestCases.LoginTestDDT" name="verify_loginDDT" time="13.601"/>
  <testcase classname="com.oc.qa.TestCases.LoginTestDDT" name="verify_loginDDT" time="13.613"/>
  <testcase classname="com.oc.qa.TestCases.LoginTestDDT" name="verify_loginDDT" time="4.389"/>
  <testcase classname="com.oc.qa.TestCases.SearchProductTest" name="SearchproductTest" time="9.832"/>
  <testcase classname="com.oc.qa.TestCases.AddressTest" name="Addressupdate" time="9.05"/>
</testsuite> <!-- Test -->
